DRY   ts=2026-03-18T21:01:41Z  run_gate_roll=0.6228  p_run=1.00  media_gate_roll=0.0806  p_media=0.70  media=yes (dry-run, would use incoming)  title='test :: dry run'  depth_cap=30
SKIP  ts=2026-03-18T21:01:43Z  run_gate_roll=0.4133  p_run=0.00
PUB   ts=2026-03-18T21:08:15Z  run_gate_roll=0.6026  p_run=0.50  media_gate_roll=0.9315  p_media=0.70  media=no  title='Arrow Keeps Pointing Left'  depth_cap=30
PUB   ts=2026-03-18T21:58:26Z  run_gate_roll=0.8046  p_run=0.50  media_gate_roll=0.1700  p_media=0.70  media=yes  img_src=incoming  img=3a7d46c6-d3e3-421b-b2b1-1257d850f6c3_20260318-145826.png  title='Arrow Keeps Pointing Left'  depth_cap=30
PUSH  ts=2026-03-18T21:58:30Z  status=pushed
SKIP  ts=2026-03-18T22:00:10Z  run_gate_roll=0.8333  p_run=0.50
DRY   ts=2026-03-18T23:20:09Z  run_gate_roll=0.2098  p_run=1.00  media_gate_roll=0.1957  p_media=0.70  media=yes (dry-run, would use incoming)  mode=auto-generate  depth_cap=30
PUB   ts=2026-03-18T23:20:17Z  run_gate_roll=0.8333  p_run=1.00  media_gate_roll=0.2229  p_media=0.70  media=yes  img_src=incoming  img=3e581479-dab0-47a5-abc8-8dcb0b90f1eb_20260318-162017.png  title='Faked Bone'  depth_cap=30
PUB   ts=2026-03-19T00:02:23Z  run_gate_roll=0.8386  p_run=0.50  media_gate_roll=0.5843  p_media=0.70  media=yes  img_src=incoming  img=11a704c6-925c-40c6-b640-c14f8ec0b4af_20260318-170223.png  title='Not Me. But Me.'  depth_cap=30
PUB   ts=2026-03-19T00:02:38Z  run_gate_roll=0.0988  p_run=0.50  media_gate_roll=0.8145  p_media=0.70  media=no (media_gate=False)  title='The Leg Changed'  depth_cap=30
PUB   ts=2026-03-19T00:02:51Z  run_gate_roll=0.0070  p_run=0.50  media_gate_roll=0.8609  p_media=0.70  media=no (media_gate=False)  title='Same Place Same Time'  depth_cap=30
PUB   ts=2026-03-19T00:03:05Z  run_gate_roll=0.1614  p_run=0.50  media_gate_roll=0.8430  p_media=0.70  media=no (media_gate=False)  title='The Van Is Always There'  depth_cap=30
PUB   ts=2026-03-19T00:03:19Z  run_gate_roll=0.8441  p_run=0.50  media_gate_roll=0.7828  p_media=0.70  media=no (media_gate=False)  title='The Elephant Clock Timing'  depth_cap=30
DRY   ts=2026-03-19T01:21:36Z  run_gate_roll=0.1995  p_run=1.00  media_gate_roll=0.6814  p_media=0.70  media=yes (dry-run, would use library)  mode=auto-generate  depth_cap=30
DRY   ts=2026-03-19T01:22:09Z  run_gate_roll=0.5590  p_run=1.00  media_gate_roll=0.2342  p_media=0.70  media=yes (dry-run, would use library)  mode=auto-generate  depth_cap=30
DRY   ts=2026-03-19T03:26:59Z  run_gate_roll=0.6073  p_run=1.00  media_gate_roll=0.7342  p_media=0.70  media=no  title='test :: validator gate'  depth_cap=30
PUB   ts=2026-03-19T03:27:05Z  run_gate_roll=0.8891  p_run=1.00  media_gate_roll=0.2027  p_media=0.70  media=no  title='validator gate test entry'  depth_cap=30  validator=ok  repairs=0  new_pages=1
PUB   ts=2026-03-19T03:45:37Z  run_gate_roll=0.6859  p_run=0.50  media_gate_roll=0.0253  p_media=0.70  media=yes  img_src=incoming  img=9939efcb-5ae7-4050-b1f7-0e648f164a22_20260318-204537.png  title='The White Truck Pattern'  depth_cap=30  validator=ok  repairs=0  new_pages=1
PUSH  ts=2026-03-19T03:45:56Z  status=pushed
SKIP  ts=2026-03-19T04:00:05Z  run_gate_roll=0.7895  p_run=0.50
PUB   ts=2026-03-19T16:00:11Z  run_gate_roll=0.0063  p_run=0.50  media_gate_roll=0.7076  p_media=0.70  media=no (media_gate=False)  title="The Elephant Clock isn't a Clock"  depth_cap=30  validator=ok  repairs=0  new_pages=0
PUSH  ts=2026-03-19T16:00:34Z  status=pushed
DRY   ts=2026-03-19T21:41:34Z  run_gate_roll=0.3100  p_run=1.00  media_gate_roll=0.8010  p_media=0.70  media=no (dry-run)  mode=auto-generate  depth_cap=30
SKIP  ts=2026-03-19T22:00:10Z  run_gate_roll=0.5795  p_run=0.50
SKIP  ts=2026-03-20T04:00:04Z  run_gate_roll=0.5720  p_run=0.50
SKIP  ts=2026-03-20T16:00:05Z  run_gate_roll=0.7021  p_run=0.50
PUB   ts=2026-03-20T22:00:04Z  run_gate_roll=0.0966  p_run=0.50  media_gate_roll=0.0348  p_media=0.70  media=yes  img_src=incoming  img=129626e5-a0cd-42d2-8ad7-aff2456d81b5_20260320-150004.jpg  title='Pattern in the Mirror'  depth_cap=30  validator=ok  repairs=0  new_pages=0
PUSH  ts=2026-03-20T22:00:19Z  status=pushed
ERROR ts=2026-03-21T04:00:12Z  run_gate_roll=0.4227  p_run=0.50  media=no (media_gate=False)  title='Everything Keeps Adding Up'  err=branch_publish_failed_rc=2
VALIDATE_FAIL  ts=2026-03-21T16:00:40Z  title='The Lie in the Light'  failures=1  repairs_attempted=0  details='abspath:index.html: absolute path in served HTML: "/home/gruzz/bloodinthewire/project/assets/web/5010e945-9bca-432f-9000-dfd0cfa27556_20260321-090013.png"'
ROLLBACK  ts=2026-03-21T16:00:40Z  status=rolled_back  reason=validation_failed
ERROR ts=2026-03-21T16:00:13Z  run_gate_roll=0.2476  p_run=0.50  media=yes  img_src=incoming  img=5010e945-9bca-432f-9000-dfd0cfa27556_20260321-090013.png  title='The Lie in the Light'  err=validation_failed_rollback=rolled_back
PUB   ts=2026-03-21T22:00:12Z  run_gate_roll=0.4171  p_run=0.50  media_gate_roll=0.3682  p_media=0.70  media=yes  img_src=library  img=-The-Elephant-Clock-Folio-from-a-Book-of-the-Knowledge-of-Ingenious-Mechanical-Devices-by-al-Jazari-MET-DP234075_20260321-150012.jpg  title='The Clockwork World'  depth_cap=30  validator=ok  repairs=1  new_pages=1
PUSH  ts=2026-03-21T22:00:30Z  status=pushed
ERROR ts=2026-03-22T04:00:12Z  run_gate_roll=0.0606  p_run=0.50  media=no (media_gate=False)  title='Five Links in the Dirt'  err=branch_publish_failed_rc=2
SKIP  ts=2026-03-22T16:00:12Z  run_gate_roll=0.9546  p_run=0.50
PUB   ts=2026-03-22T22:00:12Z  run_gate_roll=0.0915  p_run=0.50  media_gate_roll=0.4571  p_media=0.70  media=yes  img_src=library  img=-The-Elephant-Clock-Folio-from-a-Book-of-the-Knowledge-of-Ingenious-Mechanical-Devices-by-al-Jazari-MET-DP234075_20260322-150012.jpg  title='The Gears Always Turn'  depth_cap=30  validator=ok  repairs=1  new_pages=1
