# bloodinthewire health report — 2026-03-18
# generated: 2026-03-19T03:27:06Z

## run stats
  attempted:            7
  published:            3
  skipped:              4
  errors:               0
  validation_failures:  0

## site growth
  total pages:          40  (index=1, fragments=10, nodes=29)
  new pages today:      32
  tree max depth:       6
  inline link count:    25
  last modified:        index.html

## new pages today
  + fragments/sighting-0002.html
  + nodes/node-orbit-map-d1-20260317.html
  + fragments/street-log-01.html
  + nodes/node-freq-signal-d2-20260317.html
  + fragments/sighting-0003.html
  + nodes/node-the-feed-shows-t-d0-20260318-161902.html
  + nodes/node-clipboard-man-d1-20260318.html
  + nodes/node-clipboard-man-d2-20260318.html
  + nodes/node-clipboard-man-d3-20260318.html
  + fragments/not-me-but-me.html
  + fragments/same-place-same-time.html
  + nodes/node-orbit-map-d2-20260318.html
  + nodes/node-orbit-map-d3-20260318.html
  + nodes/node-orbit-map-d4-20260318.html
  + nodes/node-freq-signal-d3-20260318.html
  + nodes/node-freq-signal-d4-20260318.html
  + nodes/node-freq-signal-d5-20260318.html
  + nodes/node-clipboard-man-d4-20260318.html
  + nodes/node-clipboard-man-d5-20260318.html
  + nodes/node-clipboard-man-d6-20260318.html
  + nodes/node-feed-shows-d2-20260318.html
  + nodes/node-feed-shows-d3-20260318.html
  + nodes/node-feed-shows-d4-20260318.html
  + nodes/node-sighting-0002-d2-20260318.html
  + nodes/node-sighting-0002-d3-20260318.html
  + nodes/node-sighting-0002-d4-20260318.html
  + nodes/node-street-log-d2-20260318.html
  + nodes/node-street-log-d3-20260318.html
  + nodes/node-street-log-d4-20260318.html
  + nodes/node-signal-overlap-t-d1-20260318-192440.html
  + nodes/node-signal-overlap-t-d0-20260318-192440.html
  + fragments/signal-test-inline.html

## validation: OK (no failures)

## cron activity today
  DRY   ts=2026-03-18T21:01:41Z  run_gate_roll=0.6228  p_run=1.00  media_gate_roll=0.0806  p_media=0.70  media=yes (dry-run, would use incoming)  title='test :: dry run'  depth_cap=30
  SKIP  ts=2026-03-18T21:01:43Z  run_gate_roll=0.4133  p_run=0.00
  PUB   ts=2026-03-18T21:08:15Z  run_gate_roll=0.6026  p_run=0.50  media_gate_roll=0.9315  p_media=0.70  media=no  title='Arrow Keeps Pointing Left'  depth_cap=30
  PUB   ts=2026-03-18T21:58:26Z  run_gate_roll=0.8046  p_run=0.50  media_gate_roll=0.1700  p_media=0.70  media=yes  img_src=incoming  img=3a7d46c6-d3e3-421b-b2b1-1257d850f6c3_20260318-145826.png  title='Arrow Keeps Pointing Left'  depth_cap=30
  PUSH  ts=2026-03-18T21:58:30Z  status=pushed
  SKIP  ts=2026-03-18T22:00:10Z  run_gate_roll=0.8333  p_run=0.50
  DRY   ts=2026-03-18T23:20:09Z  run_gate_roll=0.2098  p_run=1.00  media_gate_roll=0.1957  p_media=0.70  media=yes (dry-run, would use incoming)  mode=auto-generate  depth_cap=30
  PUB   ts=2026-03-18T23:20:17Z  run_gate_roll=0.8333  p_run=1.00  media_gate_roll=0.2229  p_media=0.70  media=yes  img_src=incoming  img=3e581479-dab0-47a5-abc8-8dcb0b90f1eb_20260318-162017.png  title='Faked Bone'  depth_cap=30
